mode: set
github.com/rookie-ninja/rk-db/mysql/boot.go:44.13,46.2 1 1
github.com/rookie-ninja/rk-db/mysql/boot.go:103.35,104.33 1 1
github.com/rookie-ninja/rk-db/mysql/boot.go:104.33,106.3 1 1
github.com/rookie-ninja/rk-db/mysql/boot.go:110.49,111.33 1 1
github.com/rookie-ninja/rk-db/mysql/boot.go:111.33,113.3 1 1
github.com/rookie-ninja/rk-db/mysql/boot.go:117.35,118.29 1 1
github.com/rookie-ninja/rk-db/mysql/boot.go:118.29,119.20 1 1
github.com/rookie-ninja/rk-db/mysql/boot.go:119.20,121.4 1 1
github.com/rookie-ninja/rk-db/mysql/boot.go:126.35,127.29 1 1
github.com/rookie-ninja/rk-db/mysql/boot.go:127.29,128.20 1 1
github.com/rookie-ninja/rk-db/mysql/boot.go:128.20,130.4 1 1
github.com/rookie-ninja/rk-db/mysql/boot.go:135.43,136.29 1 1
github.com/rookie-ninja/rk-db/mysql/boot.go:136.29,137.24 1 1
github.com/rookie-ninja/rk-db/mysql/boot.go:137.24,139.4 1 1
github.com/rookie-ninja/rk-db/mysql/boot.go:144.35,145.29 1 1
github.com/rookie-ninja/rk-db/mysql/boot.go:145.29,146.20 1 1
github.com/rookie-ninja/rk-db/mysql/boot.go:146.20,148.4 1 1
github.com/rookie-ninja/rk-db/mysql/boot.go:153.82,154.29 1 1
github.com/rookie-ninja/rk-db/mysql/boot.go:154.29,155.20 1 1
github.com/rookie-ninja/rk-db/mysql/boot.go:159.3,167.22 2 1
github.com/rookie-ninja/rk-db/mysql/boot.go:176.3,176.49 1 1
github.com/rookie-ninja/rk-db/mysql/boot.go:155.20,157.4 1 0
github.com/rookie-ninja/rk-db/mysql/boot.go:167.22,172.4 1 1
github.com/rookie-ninja/rk-db/mysql/boot.go:172.9,174.4 1 1
github.com/rookie-ninja/rk-db/mysql/boot.go:182.43,183.29 1 1
github.com/rookie-ninja/rk-db/mysql/boot.go:183.29,185.3 1 1
github.com/rookie-ninja/rk-db/mysql/boot.go:190.51,191.29 1 1
github.com/rookie-ninja/rk-db/mysql/boot.go:191.29,193.3 1 1
github.com/rookie-ninja/rk-db/mysql/boot.go:198.43,199.29 1 1
github.com/rookie-ninja/rk-db/mysql/boot.go:199.29,201.3 1 1
github.com/rookie-ninja/rk-db/mysql/boot.go:205.85,212.39 4 1
github.com/rookie-ninja/rk-db/mysql/boot.go:239.2,239.12 1 1
github.com/rookie-ninja/rk-db/mysql/boot.go:212.39,213.76 1 1
github.com/rookie-ninja/rk-db/mysql/boot.go:217.3,230.39 2 1
github.com/rookie-ninja/rk-db/mysql/boot.go:234.3,236.28 2 1
github.com/rookie-ninja/rk-db/mysql/boot.go:213.76,214.12 1 0
github.com/rookie-ninja/rk-db/mysql/boot.go:230.39,232.4 1 1
github.com/rookie-ninja/rk-db/mysql/boot.go:243.53,260.22 2 1
github.com/rookie-ninja/rk-db/mysql/boot.go:264.2,264.37 1 1
github.com/rookie-ninja/rk-db/mysql/boot.go:274.2,276.77 3 1
github.com/rookie-ninja/rk-db/mysql/boot.go:292.2,292.97 1 1
github.com/rookie-ninja/rk-db/mysql/boot.go:299.2,300.27 2 1
github.com/rookie-ninja/rk-db/mysql/boot.go:314.2,314.44 1 1
github.com/rookie-ninja/rk-db/mysql/boot.go:326.2,328.14 2 1
github.com/rookie-ninja/rk-db/mysql/boot.go:260.22,262.3 1 1
github.com/rookie-ninja/rk-db/mysql/boot.go:264.37,270.3 1 1
github.com/rookie-ninja/rk-db/mysql/boot.go:276.77,277.43 1 1
github.com/rookie-ninja/rk-db/mysql/boot.go:281.3,281.38 1 1
github.com/rookie-ninja/rk-db/mysql/boot.go:285.3,287.30 2 1
github.com/rookie-ninja/rk-db/mysql/boot.go:277.43,279.4 1 1
github.com/rookie-ninja/rk-db/mysql/boot.go:281.38,283.4 1 1
github.com/rookie-ninja/rk-db/mysql/boot.go:287.30,289.4 1 0
github.com/rookie-ninja/rk-db/mysql/boot.go:292.97,294.3 1 0
github.com/rookie-ninja/rk-db/mysql/boot.go:294.8,296.3 1 1
github.com/rookie-ninja/rk-db/mysql/boot.go:301.25,302.30 1 0
github.com/rookie-ninja/rk-db/mysql/boot.go:303.23,304.28 1 1
github.com/rookie-ninja/rk-db/mysql/boot.go:305.24,306.29 1 0
github.com/rookie-ninja/rk-db/mysql/boot.go:307.23,308.28 1 1
github.com/rookie-ninja/rk-db/mysql/boot.go:309.10,310.28 1 0
github.com/rookie-ninja/rk-db/mysql/boot.go:314.44,324.3 1 1
github.com/rookie-ninja/rk-db/mysql/boot.go:332.57,339.40 2 1
github.com/rookie-ninja/rk-db/mysql/boot.go:339.40,343.3 2 0
github.com/rookie-ninja/rk-db/mysql/boot.go:347.57,352.2 1 1
github.com/rookie-ninja/rk-db/mysql/boot.go:355.43,357.2 1 1
github.com/rookie-ninja/rk-db/mysql/boot.go:360.43,362.2 1 1
github.com/rookie-ninja/rk-db/mysql/boot.go:365.50,367.2 1 1
github.com/rookie-ninja/rk-db/mysql/boot.go:370.42,372.34 2 1
github.com/rookie-ninja/rk-db/mysql/boot.go:376.2,376.22 1 1
github.com/rookie-ninja/rk-db/mysql/boot.go:372.34,374.3 1 0
github.com/rookie-ninja/rk-db/mysql/boot.go:380.43,381.41 1 1
github.com/rookie-ninja/rk-db/mysql/boot.go:391.2,391.13 1 1
github.com/rookie-ninja/rk-db/mysql/boot.go:381.41,382.41 1 1
github.com/rookie-ninja/rk-db/mysql/boot.go:382.41,384.4 1 0
github.com/rookie-ninja/rk-db/mysql/boot.go:384.9,385.36 1 1
github.com/rookie-ninja/rk-db/mysql/boot.go:385.36,387.5 1 0
github.com/rookie-ninja/rk-db/mysql/boot.go:394.54,396.2 1 1
github.com/rookie-ninja/rk-db/mysql/boot.go:399.42,400.44 1 1
github.com/rookie-ninja/rk-db/mysql/boot.go:443.2,443.12 1 1
github.com/rookie-ninja/rk-db/mysql/boot.go:400.44,407.44 4 1
github.com/rookie-ninja/rk-db/mysql/boot.go:430.3,436.17 3 1
github.com/rookie-ninja/rk-db/mysql/boot.go:440.3,440.37 1 1
github.com/rookie-ninja/rk-db/mysql/boot.go:407.44,414.18 3 1
github.com/rookie-ninja/rk-db/mysql/boot.go:418.4,425.23 3 1
github.com/rookie-ninja/rk-db/mysql/boot.go:414.18,416.5 1 0
github.com/rookie-ninja/rk-db/mysql/boot.go:425.23,427.5 1 0
github.com/rookie-ninja/rk-db/mysql/boot.go:436.17,438.4 1 0
github.com/rookie-ninja/rk-db/mysql/boot.go:447.38,450.19 2 1
github.com/rookie-ninja/rk-db/mysql/boot.go:459.2,459.12 1 1
github.com/rookie-ninja/rk-db/mysql/boot.go:450.19,452.24 2 1
github.com/rookie-ninja/rk-db/mysql/boot.go:456.3,456.29 1 1
github.com/rookie-ninja/rk-db/mysql/boot.go:452.24,455.4 2 1
github.com/rookie-ninja/rk-db/mysql/boot.go:463.55,478.2 2 1
github.com/rookie-ninja/rk-db/mysql/boot.go:481.45,482.60 1 1
github.com/rookie-ninja/rk-db/mysql/boot.go:488.2,488.12 1 1
github.com/rookie-ninja/rk-db/mysql/boot.go:482.60,483.41 1 1
github.com/rookie-ninja/rk-db/mysql/boot.go:483.41,485.4 1 1
github.com/rookie-ninja/rk-db/mysql/logger.go:13.47,14.22 1 1
github.com/rookie-ninja/rk-db/mysql/logger.go:18.2,20.3 1 1
github.com/rookie-ninja/rk-db/mysql/logger.go:14.22,16.3 1 1
github.com/rookie-ninja/rk-db/mysql/logger.go:27.52,29.2 1 1
