mode: set
github.com/rookie-ninja/rk-db/mysql/boot.go:33.13,35.2 1 1
github.com/rookie-ninja/rk-db/mysql/boot.go:88.35,89.33 1 0
github.com/rookie-ninja/rk-db/mysql/boot.go:89.33,91.3 1 0
github.com/rookie-ninja/rk-db/mysql/boot.go:95.49,96.33 1 0
github.com/rookie-ninja/rk-db/mysql/boot.go:96.33,98.3 1 0
github.com/rookie-ninja/rk-db/mysql/boot.go:102.35,103.29 1 0
github.com/rookie-ninja/rk-db/mysql/boot.go:103.29,104.20 1 0
github.com/rookie-ninja/rk-db/mysql/boot.go:104.20,106.4 1 0
github.com/rookie-ninja/rk-db/mysql/boot.go:111.35,112.29 1 0
github.com/rookie-ninja/rk-db/mysql/boot.go:112.29,113.20 1 0
github.com/rookie-ninja/rk-db/mysql/boot.go:113.20,115.4 1 0
github.com/rookie-ninja/rk-db/mysql/boot.go:120.43,121.29 1 0
github.com/rookie-ninja/rk-db/mysql/boot.go:121.29,122.24 1 0
github.com/rookie-ninja/rk-db/mysql/boot.go:122.24,124.4 1 0
github.com/rookie-ninja/rk-db/mysql/boot.go:129.35,130.29 1 0
github.com/rookie-ninja/rk-db/mysql/boot.go:130.29,131.20 1 0
github.com/rookie-ninja/rk-db/mysql/boot.go:131.20,133.4 1 0
github.com/rookie-ninja/rk-db/mysql/boot.go:138.48,139.29 1 0
github.com/rookie-ninja/rk-db/mysql/boot.go:139.29,141.3 1 0
github.com/rookie-ninja/rk-db/mysql/boot.go:145.43,146.29 1 0
github.com/rookie-ninja/rk-db/mysql/boot.go:146.29,147.24 1 0
github.com/rookie-ninja/rk-db/mysql/boot.go:147.24,149.4 1 0
github.com/rookie-ninja/rk-db/mysql/boot.go:154.42,155.29 1 0
github.com/rookie-ninja/rk-db/mysql/boot.go:155.29,156.22 1 0
github.com/rookie-ninja/rk-db/mysql/boot.go:156.22,158.4 1 0
github.com/rookie-ninja/rk-db/mysql/boot.go:163.43,164.29 1 0
github.com/rookie-ninja/rk-db/mysql/boot.go:164.29,166.3 1 0
github.com/rookie-ninja/rk-db/mysql/boot.go:170.45,171.29 1 0
github.com/rookie-ninja/rk-db/mysql/boot.go:171.29,173.3 1 0
github.com/rookie-ninja/rk-db/mysql/boot.go:177.72,178.29 1 0
github.com/rookie-ninja/rk-db/mysql/boot.go:178.29,179.28 1 0
github.com/rookie-ninja/rk-db/mysql/boot.go:179.28,181.4 1 0
github.com/rookie-ninja/rk-db/mysql/boot.go:187.40,188.29 1 0
github.com/rookie-ninja/rk-db/mysql/boot.go:188.29,190.3 1 0
github.com/rookie-ninja/rk-db/mysql/boot.go:195.51,196.29 1 0
github.com/rookie-ninja/rk-db/mysql/boot.go:196.29,198.3 1 0
github.com/rookie-ninja/rk-db/mysql/boot.go:202.85,209.39 4 0
github.com/rookie-ninja/rk-db/mysql/boot.go:240.2,240.12 1 0
github.com/rookie-ninja/rk-db/mysql/boot.go:209.39,210.76 1 0
github.com/rookie-ninja/rk-db/mysql/boot.go:214.3,227.56 2 0
github.com/rookie-ninja/rk-db/mysql/boot.go:231.3,231.41 1 0
github.com/rookie-ninja/rk-db/mysql/boot.go:235.3,237.28 2 0
github.com/rookie-ninja/rk-db/mysql/boot.go:210.76,211.12 1 0
github.com/rookie-ninja/rk-db/mysql/boot.go:227.56,229.4 1 0
github.com/rookie-ninja/rk-db/mysql/boot.go:231.41,233.4 1 0
github.com/rookie-ninja/rk-db/mysql/boot.go:244.53,261.22 2 0
github.com/rookie-ninja/rk-db/mysql/boot.go:265.2,265.37 1 0
github.com/rookie-ninja/rk-db/mysql/boot.go:276.2,276.77 1 0
github.com/rookie-ninja/rk-db/mysql/boot.go:301.2,308.29 2 0
github.com/rookie-ninja/rk-db/mysql/boot.go:313.2,315.14 2 0
github.com/rookie-ninja/rk-db/mysql/boot.go:261.22,263.3 1 0
github.com/rookie-ninja/rk-db/mysql/boot.go:265.37,272.3 1 0
github.com/rookie-ninja/rk-db/mysql/boot.go:276.77,280.43 3 0
github.com/rookie-ninja/rk-db/mysql/boot.go:284.3,284.38 1 0
github.com/rookie-ninja/rk-db/mysql/boot.go:288.3,288.30 1 0
github.com/rookie-ninja/rk-db/mysql/boot.go:292.3,292.92 1 0
github.com/rookie-ninja/rk-db/mysql/boot.go:280.43,282.4 1 0
github.com/rookie-ninja/rk-db/mysql/boot.go:284.38,286.4 1 0
github.com/rookie-ninja/rk-db/mysql/boot.go:288.30,290.4 1 0
github.com/rookie-ninja/rk-db/mysql/boot.go:292.92,294.4 1 0
github.com/rookie-ninja/rk-db/mysql/boot.go:294.9,296.4 1 0
github.com/rookie-ninja/rk-db/mysql/boot.go:297.8,299.3 1 0
github.com/rookie-ninja/rk-db/mysql/boot.go:308.29,311.3 2 0
github.com/rookie-ninja/rk-db/mysql/boot.go:319.57,323.50 2 0
github.com/rookie-ninja/rk-db/mysql/boot.go:330.2,330.40 1 0
github.com/rookie-ninja/rk-db/mysql/boot.go:337.2,337.75 1 0
github.com/rookie-ninja/rk-db/mysql/boot.go:343.2,343.29 1 0
github.com/rookie-ninja/rk-db/mysql/boot.go:323.50,327.3 2 0
github.com/rookie-ninja/rk-db/mysql/boot.go:330.40,334.3 2 0
github.com/rookie-ninja/rk-db/mysql/boot.go:337.75,340.3 2 0
github.com/rookie-ninja/rk-db/mysql/boot.go:343.29,344.13 1 0
github.com/rookie-ninja/rk-db/mysql/boot.go:344.13,346.4 1 0
github.com/rookie-ninja/rk-db/mysql/boot.go:351.57,354.29 2 0
github.com/rookie-ninja/rk-db/mysql/boot.go:354.29,356.3 1 0
github.com/rookie-ninja/rk-db/mysql/boot.go:360.43,362.2 1 0
github.com/rookie-ninja/rk-db/mysql/boot.go:365.43,367.2 1 0
github.com/rookie-ninja/rk-db/mysql/boot.go:370.50,372.2 1 0
github.com/rookie-ninja/rk-db/mysql/boot.go:375.42,377.34 2 0
github.com/rookie-ninja/rk-db/mysql/boot.go:381.2,381.22 1 0
github.com/rookie-ninja/rk-db/mysql/boot.go:377.34,379.3 1 0
github.com/rookie-ninja/rk-db/mysql/boot.go:385.42,388.30 2 0
github.com/rookie-ninja/rk-db/mysql/boot.go:391.2,399.24 5 0
github.com/rookie-ninja/rk-db/mysql/boot.go:413.2,413.16 1 0
github.com/rookie-ninja/rk-db/mysql/boot.go:417.2,418.12 2 0
github.com/rookie-ninja/rk-db/mysql/boot.go:388.30,390.3 1 0
github.com/rookie-ninja/rk-db/mysql/boot.go:399.24,409.3 3 0
github.com/rookie-ninja/rk-db/mysql/boot.go:409.8,411.3 1 0
github.com/rookie-ninja/rk-db/mysql/boot.go:413.16,415.3 1 0
github.com/rookie-ninja/rk-db/mysql/boot.go:422.43,423.24 1 0
github.com/rookie-ninja/rk-db/mysql/boot.go:427.2,427.45 1 0
github.com/rookie-ninja/rk-db/mysql/boot.go:435.2,435.13 1 0
github.com/rookie-ninja/rk-db/mysql/boot.go:423.24,425.3 1 0
github.com/rookie-ninja/rk-db/mysql/boot.go:427.45,429.3 1 0
github.com/rookie-ninja/rk-db/mysql/boot.go:429.8,430.34 1 0
github.com/rookie-ninja/rk-db/mysql/boot.go:430.34,432.4 1 0
github.com/rookie-ninja/rk-db/mysql/boot.go:439.59,440.6 1 0
github.com/rookie-ninja/rk-db/mysql/boot.go:440.6,441.10 1 0
github.com/rookie-ninja/rk-db/mysql/boot.go:442.34,444.10 2 0
github.com/rookie-ninja/rk-db/mysql/boot.go:445.36,446.46 1 0
github.com/rookie-ninja/rk-db/mysql/boot.go:446.46,448.5 1 0
github.com/rookie-ninja/rk-db/mysql/boot.go:454.64,456.2 1 0
github.com/rookie-ninja/rk-db/mysql/boot.go:459.52,462.30 2 0
github.com/rookie-ninja/rk-db/mysql/boot.go:465.2,473.24 5 0
github.com/rookie-ninja/rk-db/mysql/boot.go:490.2,490.16 1 0
github.com/rookie-ninja/rk-db/mysql/boot.go:494.2,499.49 2 0
github.com/rookie-ninja/rk-db/mysql/boot.go:503.2,503.12 1 0
github.com/rookie-ninja/rk-db/mysql/boot.go:462.30,464.3 1 0
github.com/rookie-ninja/rk-db/mysql/boot.go:473.24,486.3 4 0
github.com/rookie-ninja/rk-db/mysql/boot.go:486.8,488.3 1 0
github.com/rookie-ninja/rk-db/mysql/boot.go:490.16,492.3 1 0
github.com/rookie-ninja/rk-db/mysql/boot.go:499.49,501.3 1 0
github.com/rookie-ninja/rk-db/mysql/boot.go:507.38,510.19 2 0
github.com/rookie-ninja/rk-db/mysql/boot.go:518.2,518.12 1 0
github.com/rookie-ninja/rk-db/mysql/boot.go:510.19,511.23 1 0
github.com/rookie-ninja/rk-db/mysql/boot.go:514.3,515.41 2 0
github.com/rookie-ninja/rk-db/mysql/boot.go:511.23,513.4 1 0
github.com/rookie-ninja/rk-db/mysql/boot.go:522.55,537.2 2 0
github.com/rookie-ninja/rk-db/mysql/boot.go:540.45,541.60 1 0
github.com/rookie-ninja/rk-db/mysql/boot.go:547.2,547.12 1 0
github.com/rookie-ninja/rk-db/mysql/boot.go:541.60,542.41 1 0
github.com/rookie-ninja/rk-db/mysql/boot.go:542.41,544.4 1 0
